2023-07-18 16:48:12.246 INFO  1651 --- [main] org.tron.albert.liang.LiangApplication - Starting LiangApplication using Java 19.0.1 with PID 1651 (/Users/rafael/albertCode/liang/build/classes/java/main started by rafael in /Users/rafael/albertCode/liang)
2023-07-18 16:48:12.249 INFO  1651 --- [main] org.tron.albert.liang.LiangApplication - No active profile set, falling back to 1 default profile: "default"
2023-07-18 16:48:16.581 INFO  1651 --- [main] o.s.boot.web.embedded.tomcat.TomcatWebServer - Tomcat initialized with port(s): 8080 (http)
2023-07-18 16:48:16.597 INFO  1651 --- [main] org.apache.coyote.http11.Http11NioProtocol - Initializing ProtocolHandler ["http-nio-8080"]
2023-07-18 16:48:16.600 INFO  1651 --- [main] org.apache.catalina.core.StandardService - Starting service [Tomcat]
2023-07-18 16:48:16.601 INFO  1651 --- [main] org.apache.catalina.core.StandardEngine - Starting Servlet engine: [Apache Tomcat/10.1.10]
2023-07-18 16:48:16.780 INFO  1651 --- [main] o.a.c.core.ContainerBase.[Tomcat].[localhost].[/] - Initializing Spring embedded WebApplicationContext
2023-07-18 16:48:16.781 INFO  1651 --- [main] o.s.b.w.s.c.ServletWebServerApplicationContext - Root WebApplicationContext: initialization completed in 4358 ms
2023-07-18 16:48:16.984 INFO  1651 --- [main] o.t.albert.liang.events.CustomSpringEventPublisher - Publishing custom event. 
2023-07-18 16:48:17.050 INFO  1651 --- [main] o.t.albert.liang.events.CustomSpringEventListener - Received spring custom event - init
2023-07-18 16:48:17.673 INFO  1651 --- [main] org.apache.coyote.http11.Http11NioProtocol - Starting ProtocolHandler ["http-nio-8080"]
2023-07-18 16:48:17.707 INFO  1651 --- [main] o.s.boot.web.embedded.tomcat.TomcatWebServer - Tomcat started on port(s): 8080 (http) with context path ''
2023-07-18 16:48:17.722 INFO  1651 --- [main] org.tron.albert.liang.LiangApplication - Started LiangApplication in 7.122 seconds (process running for 8.283)
2023-07-18 17:17:38.488 INFO  6843 --- [main] org.tron.albert.liang.LiangApplication - Starting LiangApplication using Java 17.0.4 with PID 6843 (/Users/rafael/albertCode/liang/build/classes/java/main started by rafael in /Users/rafael/albertCode/liang)
2023-07-18 17:17:38.491 INFO  6843 --- [main] org.tron.albert.liang.LiangApplication - No active profile set, falling back to 1 default profile: "default"
2023-07-18 17:17:39.391 INFO  6843 --- [main] o.s.boot.web.embedded.tomcat.TomcatWebServer - Tomcat initialized with port(s): 8080 (http)
2023-07-18 17:17:39.402 INFO  6843 --- [main] org.apache.coyote.http11.Http11NioProtocol - Initializing ProtocolHandler ["http-nio-8080"]
2023-07-18 17:17:39.406 INFO  6843 --- [main] org.apache.catalina.core.StandardService - Starting service [Tomcat]
2023-07-18 17:17:39.407 INFO  6843 --- [main] org.apache.catalina.core.StandardEngine - Starting Servlet engine: [Apache Tomcat/10.1.10]
2023-07-18 17:17:39.489 INFO  6843 --- [main] o.a.c.core.ContainerBase.[Tomcat].[localhost].[/] - Initializing Spring embedded WebApplicationContext
2023-07-18 17:17:39.490 INFO  6843 --- [main] o.s.b.w.s.c.ServletWebServerApplicationContext - Root WebApplicationContext: initialization completed in 953 ms
2023-07-18 17:17:39.543 INFO  6843 --- [main] o.t.albert.liang.events.CustomSpringEventPublisher - Publishing custom event. 
2023-07-18 17:17:39.559 INFO  6843 --- [main] o.t.albert.liang.events.CustomSpringEventListener - Received spring custom event - init
2023-07-18 17:17:39.838 INFO  6843 --- [main] org.apache.coyote.http11.Http11NioProtocol - Starting ProtocolHandler ["http-nio-8080"]
2023-07-18 17:17:39.854 INFO  6843 --- [main] o.s.boot.web.embedded.tomcat.TomcatWebServer - Tomcat started on port(s): 8080 (http) with context path ''
2023-07-18 17:17:39.863 INFO  6843 --- [main] org.tron.albert.liang.LiangApplication - Started LiangApplication in 2.255 seconds (process running for 2.997)
2023-07-18 17:43:32.255 INFO  10451 --- [main] org.tron.albert.liang.LiangApplication - Starting LiangApplication using Java 17.0.4 with PID 10451 (/Users/rafael/albertCode/liang/build/classes/java/main started by rafael in /Users/rafael/albertCode/liang)
2023-07-18 17:43:32.260 INFO  10451 --- [main] org.tron.albert.liang.LiangApplication - No active profile set, falling back to 1 default profile: "default"
2023-07-18 17:43:34.377 INFO  10451 --- [main] o.s.boot.web.embedded.tomcat.TomcatWebServer - Tomcat initialized with port(s): 8080 (http)
2023-07-18 17:43:34.397 INFO  10451 --- [main] org.apache.coyote.http11.Http11NioProtocol - Initializing ProtocolHandler ["http-nio-8080"]
2023-07-18 17:43:34.402 INFO  10451 --- [main] org.apache.catalina.core.StandardService - Starting service [Tomcat]
2023-07-18 17:43:34.404 INFO  10451 --- [main] org.apache.catalina.core.StandardEngine - Starting Servlet engine: [Apache Tomcat/10.1.10]
2023-07-18 17:43:34.717 INFO  10451 --- [main] o.a.c.core.ContainerBase.[Tomcat].[localhost].[/] - Initializing Spring embedded WebApplicationContext
2023-07-18 17:43:34.718 INFO  10451 --- [main] o.s.b.w.s.c.ServletWebServerApplicationContext - Root WebApplicationContext: initialization completed in 2383 ms
2023-07-18 17:43:34.950 INFO  10451 --- [main] o.t.albert.liang.events.CustomSpringEventPublisher - Publishing custom event. 
2023-07-18 17:43:34.989 INFO  10451 --- [main] o.t.albert.liang.events.CustomSpringEventListener - Received spring custom event - init
2023-07-18 17:43:35.869 INFO  10451 --- [main] org.apache.coyote.http11.Http11NioProtocol - Starting ProtocolHandler ["http-nio-8080"]
2023-07-18 17:43:35.961 INFO  10451 --- [main] o.s.boot.web.embedded.tomcat.TomcatWebServer - Tomcat started on port(s): 8080 (http) with context path ''
2023-07-18 17:43:36.019 INFO  10451 --- [main] org.tron.albert.liang.LiangApplication - Started LiangApplication in 4.417 seconds (process running for 5.263)
2023-07-18 17:45:55.283 INFO  10843 --- [main] org.tron.albert.liang.LiangApplication - Starting LiangApplication using Java 17.0.4 with PID 10843 (/Users/rafael/albertCode/liang/build/classes/java/main started by rafael in /Users/rafael/albertCode/liang)
2023-07-18 17:45:55.287 INFO  10843 --- [main] org.tron.albert.liang.LiangApplication - No active profile set, falling back to 1 default profile: "default"
2023-07-18 17:45:58.172 INFO  10843 --- [main] o.s.boot.web.embedded.tomcat.TomcatWebServer - Tomcat initialized with port(s): 8080 (http)
2023-07-18 17:45:58.193 INFO  10843 --- [main] org.apache.coyote.http11.Http11NioProtocol - Initializing ProtocolHandler ["http-nio-8080"]
2023-07-18 17:45:58.196 INFO  10843 --- [main] org.apache.catalina.core.StandardService - Starting service [Tomcat]
2023-07-18 17:45:58.197 INFO  10843 --- [main] org.apache.catalina.core.StandardEngine - Starting Servlet engine: [Apache Tomcat/10.1.10]
2023-07-18 17:45:58.447 INFO  10843 --- [main] o.a.c.core.ContainerBase.[Tomcat].[localhost].[/] - Initializing Spring embedded WebApplicationContext
2023-07-18 17:45:58.448 INFO  10843 --- [main] o.s.b.w.s.c.ServletWebServerApplicationContext - Root WebApplicationContext: initialization completed in 3042 ms
2023-07-18 17:45:58.547 INFO  10843 --- [main] o.t.albert.liang.events.CustomSpringEventPublisher - Publishing custom event. 
2023-07-18 17:45:58.621 INFO  10843 --- [main] o.t.albert.liang.events.CustomSpringEventListener - Received spring custom event - init
2023-07-18 17:45:59.218 INFO  10843 --- [main] org.apache.coyote.http11.Http11NioProtocol - Starting ProtocolHandler ["http-nio-8080"]
2023-07-18 17:45:59.275 INFO  10843 --- [main] o.s.boot.web.embedded.tomcat.TomcatWebServer - Tomcat started on port(s): 8080 (http) with context path ''
2023-07-18 17:45:59.314 INFO  10843 --- [main] org.tron.albert.liang.LiangApplication - Started LiangApplication in 4.857 seconds (process running for 5.552)
2023-07-18 17:46:11.830 INFO  10887 --- [main] org.tron.albert.liang.LiangApplication - Starting LiangApplication using Java 17.0.4 with PID 10887 (/Users/rafael/albertCode/liang/build/classes/java/main started by rafael in /Users/rafael/albertCode/liang)
2023-07-18 17:46:11.833 INFO  10887 --- [main] org.tron.albert.liang.LiangApplication - No active profile set, falling back to 1 default profile: "default"
2023-07-18 17:46:13.872 INFO  10887 --- [main] o.s.boot.web.embedded.tomcat.TomcatWebServer - Tomcat initialized with port(s): 8080 (http)
2023-07-18 17:46:13.885 INFO  10887 --- [main] org.apache.coyote.http11.Http11NioProtocol - Initializing ProtocolHandler ["http-nio-8080"]
2023-07-18 17:46:13.888 INFO  10887 --- [main] org.apache.catalina.core.StandardService - Starting service [Tomcat]
2023-07-18 17:46:13.889 INFO  10887 --- [main] org.apache.catalina.core.StandardEngine - Starting Servlet engine: [Apache Tomcat/10.1.10]
2023-07-18 17:46:14.008 INFO  10887 --- [main] o.a.c.core.ContainerBase.[Tomcat].[localhost].[/] - Initializing Spring embedded WebApplicationContext
2023-07-18 17:46:14.008 INFO  10887 --- [main] o.s.b.w.s.c.ServletWebServerApplicationContext - Root WebApplicationContext: initialization completed in 2048 ms
2023-07-18 17:46:14.097 INFO  10887 --- [main] o.t.albert.liang.events.CustomSpringEventPublisher - Publishing custom event. 
2023-07-18 17:46:14.127 INFO  10887 --- [main] o.t.albert.liang.events.CustomSpringEventListener - Received spring custom event - init
2023-07-18 17:46:14.474 INFO  10887 --- [main] org.apache.coyote.http11.Http11NioProtocol - Starting ProtocolHandler ["http-nio-8080"]
2023-07-18 17:46:14.488 INFO  10887 --- [main] o.s.boot.web.embedded.tomcat.TomcatWebServer - Tomcat started on port(s): 8080 (http) with context path ''
2023-07-18 17:46:14.495 INFO  10887 --- [main] org.tron.albert.liang.LiangApplication - Started LiangApplication in 3.611 seconds (process running for 4.452)
