2023-07-18 17:57:31,228 [TID: N/A] [main] INFO  [org.tron.albert.liang.LiangApplication] StartupInfoLogger.java:51 - Starting LiangApplication using Java 17.0.4 with PID 12481 (/Users/rafael/albertCode/liang/build/classes/java/main started by rafael in /Users/rafael/albertCode/liang)
2023-07-18 17:57:31,234 [TID: N/A] [main] INFO  [org.tron.albert.liang.LiangApplication] SpringApplication.java:634 - No active profile set, falling back to 1 default profile: "default"
2023-07-18 17:57:34,002 [TID: N/A] [main] INFO  [o.s.boot.web.embedded.tomcat.TomcatWebServer] TomcatWebServer.java:108 - Tomcat initialized with port(s): 8080 (http)
2023-07-18 17:57:34,014 [TID: N/A] [main] INFO  [org.apache.coyote.http11.Http11NioProtocol] DirectJDKLog.java:173 - Initializing ProtocolHandler ["http-nio-8080"]
2023-07-18 17:57:34,017 [TID: N/A] [main] INFO  [org.apache.catalina.core.StandardService] DirectJDKLog.java:173 - Starting service [Tomcat]
2023-07-18 17:57:34,017 [TID: N/A] [main] INFO  [org.apache.catalina.core.StandardEngine] DirectJDKLog.java:173 - Starting Servlet engine: [Apache Tomcat/10.1.10]
2023-07-18 17:57:34,283 [TID: N/A] [main] INFO  [o.a.c.core.ContainerBase.[Tomcat].[localhost].[/]] DirectJDKLog.java:173 - Initializing Spring embedded WebApplicationContext
2023-07-18 17:57:34,284 [TID: N/A] [main] INFO  [o.s.b.w.s.c.ServletWebServerApplicationContext] ServletWebServerApplicationContext.java:291 - Root WebApplicationContext: initialization completed in 2759 ms
2023-07-18 17:57:34,410 [TID: N/A] [main] INFO  [o.t.albert.liang.events.CustomSpringEventPublisher] CustomSpringEventPublisher.java:20 - Publishing custom event. 
2023-07-18 17:57:34,482 [TID: N/A] [main] INFO  [o.t.albert.liang.events.CustomSpringEventListener] CustomSpringEventListener.java:15 - Received spring custom event - init
2023-07-18 17:57:35,418 [TID: N/A] [main] INFO  [org.apache.coyote.http11.Http11NioProtocol] DirectJDKLog.java:173 - Starting ProtocolHandler ["http-nio-8080"]
2023-07-18 17:57:35,503 [TID: N/A] [main] INFO  [o.s.boot.web.embedded.tomcat.TomcatWebServer] TomcatWebServer.java:220 - Tomcat started on port(s): 8080 (http) with context path ''
2023-07-18 17:57:35,530 [TID: N/A] [main] INFO  [org.tron.albert.liang.LiangApplication] StartupInfoLogger.java:57 - Started LiangApplication in 6.124 seconds (process running for 7.417)
2023-07-18 17:58:49,746 [TID: N/A] [main] INFO  [org.tron.albert.liang.LiangApplication] StartupInfoLogger.java:51 - Starting LiangApplication using Java 17.0.4 with PID 12682 (/Users/rafael/albertCode/liang/build/classes/java/main started by rafael in /Users/rafael/albertCode/liang)
2023-07-18 17:58:49,748 [TID: N/A] [main] INFO  [org.tron.albert.liang.LiangApplication] SpringApplication.java:634 - No active profile set, falling back to 1 default profile: "default"
2023-07-18 17:58:50,776 [TID: N/A] [main] INFO  [o.s.boot.web.embedded.tomcat.TomcatWebServer] TomcatWebServer.java:108 - Tomcat initialized with port(s): 8080 (http)
2023-07-18 17:58:50,784 [TID: N/A] [main] INFO  [org.apache.coyote.http11.Http11NioProtocol] DirectJDKLog.java:173 - Initializing ProtocolHandler ["http-nio-8080"]
2023-07-18 17:58:50,786 [TID: N/A] [main] INFO  [org.apache.catalina.core.StandardService] DirectJDKLog.java:173 - Starting service [Tomcat]
2023-07-18 17:58:50,787 [TID: N/A] [main] INFO  [org.apache.catalina.core.StandardEngine] DirectJDKLog.java:173 - Starting Servlet engine: [Apache Tomcat/10.1.10]
2023-07-18 17:58:50,870 [TID: N/A] [main] INFO  [o.a.c.core.ContainerBase.[Tomcat].[localhost].[/]] DirectJDKLog.java:173 - Initializing Spring embedded WebApplicationContext
2023-07-18 17:58:50,871 [TID: N/A] [main] INFO  [o.s.b.w.s.c.ServletWebServerApplicationContext] ServletWebServerApplicationContext.java:291 - Root WebApplicationContext: initialization completed in 1092 ms
2023-07-18 17:58:50,923 [TID: N/A] [main] INFO  [o.t.albert.liang.events.CustomSpringEventPublisher] CustomSpringEventPublisher.java:20 - Publishing custom event. 
2023-07-18 17:58:50,942 [TID: N/A] [main] INFO  [o.t.albert.liang.events.CustomSpringEventListener] CustomSpringEventListener.java:15 - Received spring custom event - init
2023-07-18 17:58:51,261 [TID: N/A] [main] INFO  [org.apache.coyote.http11.Http11NioProtocol] DirectJDKLog.java:173 - Starting ProtocolHandler ["http-nio-8080"]
2023-07-18 17:58:51,298 [TID: N/A] [main] INFO  [o.s.boot.web.embedded.tomcat.TomcatWebServer] TomcatWebServer.java:220 - Tomcat started on port(s): 8080 (http) with context path ''
2023-07-18 17:58:51,309 [TID: N/A] [main] INFO  [org.tron.albert.liang.LiangApplication] StartupInfoLogger.java:57 - Started LiangApplication in 1.98 seconds (process running for 2.469)
2023-07-18 18:00:22,561 [TID: N/A] [main] INFO  [org.tron.albert.liang.LiangApplication] StartupInfoLogger.java:51 - Starting LiangApplication using Java 17.0.4 with PID 12903 (/Users/rafael/albertCode/liang/build/classes/java/main started by rafael in /Users/rafael/albertCode/liang)
2023-07-18 18:00:22,567 [TID: N/A] [main] INFO  [org.tron.albert.liang.LiangApplication] SpringApplication.java:634 - No active profile set, falling back to 1 default profile: "default"
2023-07-18 18:00:25,085 [TID: N/A] [main] INFO  [o.s.boot.web.embedded.tomcat.TomcatWebServer] TomcatWebServer.java:108 - Tomcat initialized with port(s): 8080 (http)
2023-07-18 18:00:25,107 [TID: N/A] [main] INFO  [org.apache.coyote.http11.Http11NioProtocol] DirectJDKLog.java:173 - Initializing ProtocolHandler ["http-nio-8080"]
2023-07-18 18:00:25,111 [TID: N/A] [main] INFO  [org.apache.catalina.core.StandardService] DirectJDKLog.java:173 - Starting service [Tomcat]
2023-07-18 18:00:25,112 [TID: N/A] [main] INFO  [org.apache.catalina.core.StandardEngine] DirectJDKLog.java:173 - Starting Servlet engine: [Apache Tomcat/10.1.10]
2023-07-18 18:00:25,330 [TID: N/A] [main] INFO  [o.a.c.core.ContainerBase.[Tomcat].[localhost].[/]] DirectJDKLog.java:173 - Initializing Spring embedded WebApplicationContext
2023-07-18 18:00:25,331 [TID: N/A] [main] INFO  [o.s.b.w.s.c.ServletWebServerApplicationContext] ServletWebServerApplicationContext.java:291 - Root WebApplicationContext: initialization completed in 2601 ms
2023-07-18 18:00:25,431 [TID: N/A] [main] INFO  [o.t.albert.liang.events.CustomSpringEventPublisher] CustomSpringEventPublisher.java:20 - Publishing custom event. 
2023-07-18 18:00:25,459 [TID: N/A] [main] INFO  [o.t.albert.liang.events.CustomSpringEventListener] CustomSpringEventListener.java:15 - Received spring custom event - init
2023-07-18 18:00:26,070 [TID: N/A] [main] INFO  [org.apache.coyote.http11.Http11NioProtocol] DirectJDKLog.java:173 - Starting ProtocolHandler ["http-nio-8080"]
2023-07-18 18:00:26,098 [TID: N/A] [main] INFO  [o.s.boot.web.embedded.tomcat.TomcatWebServer] TomcatWebServer.java:220 - Tomcat started on port(s): 8080 (http) with context path ''
2023-07-18 18:00:26,114 [TID: N/A] [main] INFO  [org.tron.albert.liang.LiangApplication] StartupInfoLogger.java:57 - Started LiangApplication in 5.113 seconds (process running for 6.16)
